<?xml version="1.0" encoding="UTF-8"?>
<!-- Generated by org.testng.reporters.JUnitReportReporter -->
<testsuite hostname="yinludeMac-mini.local" name="beryl.lesson.selenium.ExampleForAjax" tests="1" failures="0" timestamp="2 Sep 2014 01:55:46 GMT" time="2.558" errors="0">
  <testcase name="test" time="2.558" classname="beryl.lesson.selenium.ExampleForAjax"/>
</testsuite> <!-- beryl.lesson.selenium.ExampleForAjax -->
